0 info it worked if it ends with ok
1 verbose cli [ '/usr/local/bin/node',
1 verbose cli   '/usr/local/bin/npm',
1 verbose cli   'install',
1 verbose cli   'angular-dialog-service@5.2.0',
1 verbose cli   '-dd',
1 verbose cli   '--save-dev' ]
2 info using npm@2.15.1
3 info using node@v4.4.3
4 verbose install initial load of /Users/qianzhixiang/work/union/statistic/views/package.json
5 warn package.json my-maya@1.0.0 No repository field.
6 verbose installManyTop reading scoped package data from /Users/qianzhixiang/work/union/statistic/views/node_modules/angular-dialog-service/package.json
7 verbose installManyTop reading scoped package data from /Users/qianzhixiang/work/union/statistic/views/node_modules/angular-smart-table/package.json
8 verbose installManyTop reading scoped package data from /Users/qianzhixiang/work/union/statistic/views/node_modules/angular-ui-codemirror/package.json
9 verbose installManyTop reading scoped package data from /Users/qianzhixiang/work/union/statistic/views/node_modules/bootstrap/package.json
10 verbose installManyTop reading scoped package data from /Users/qianzhixiang/work/union/statistic/views/node_modules/codemirror/package.json
11 verbose installManyTop reading scoped package data from /Users/qianzhixiang/work/union/statistic/views/node_modules/oclazyload/package.json
12 verbose installManyTop reading scoped package data from /Users/qianzhixiang/work/union/statistic/views/node_modules/ui-select/package.json
13 verbose readDependencies loading dependencies from /Users/qianzhixiang/work/union/statistic/views/package.json
14 silly cache add args [ 'angular-dialog-service@5.2.0', null ]
15 verbose cache add spec angular-dialog-service@5.2.0
16 silly cache add parsed spec Result {
16 silly cache add   raw: 'angular-dialog-service@5.2.0',
16 silly cache add   scope: null,
16 silly cache add   name: 'angular-dialog-service',
16 silly cache add   rawSpec: '5.2.0',
16 silly cache add   spec: '5.2.0',
16 silly cache add   type: 'version' }
17 silly addNamed angular-dialog-service@5.2.0
18 verbose addNamed "5.2.0" is a plain semver version for angular-dialog-service
19 silly mapToRegistry name angular-dialog-service
20 silly mapToRegistry using default registry
21 silly mapToRegistry registry https://registry.npmjs.org/
22 silly mapToRegistry data Result {
22 silly mapToRegistry   raw: 'angular-dialog-service',
22 silly mapToRegistry   scope: null,
22 silly mapToRegistry   name: 'angular-dialog-service',
22 silly mapToRegistry   rawSpec: '',
22 silly mapToRegistry   spec: 'latest',
22 silly mapToRegistry   type: 'tag' }
23 silly mapToRegistry uri https://registry.npmjs.org/angular-dialog-service
24 verbose addNameVersion registry:https://registry.npmjs.org/angular-dialog-service not in flight; fetching
25 verbose request uri https://registry.npmjs.org/angular-dialog-service
26 verbose request no auth needed
27 info attempt registry request try #1 at 15:33:42
28 verbose request id 3ab0a2e22843e580
29 verbose etag "680Y8I4Y8OTQE87CMDIL8TZR6"
30 http request GET https://registry.npmjs.org/angular-dialog-service
31 http 304 https://registry.npmjs.org/angular-dialog-service
32 verbose headers { date: 'Fri, 24 Jun 2016 07:33:33 GMT',
32 verbose headers   via: '1.1 varnish',
32 verbose headers   'cache-control': 'max-age=300',
32 verbose headers   etag: '"680Y8I4Y8OTQE87CMDIL8TZR6"',
32 verbose headers   age: '20',
32 verbose headers   connection: 'keep-alive',
32 verbose headers   'x-served-by': 'cache-lhr6344-LHR',
32 verbose headers   'x-cache': 'HIT',
32 verbose headers   'x-cache-hits': '1',
32 verbose headers   'x-timer': 'S1466753613.173058,VS0,VE0',
32 verbose headers   vary: 'Accept-Encoding' }
33 silly get cb [ 304,
33 silly get   { date: 'Fri, 24 Jun 2016 07:33:33 GMT',
33 silly get     via: '1.1 varnish',
33 silly get     'cache-control': 'max-age=300',
33 silly get     etag: '"680Y8I4Y8OTQE87CMDIL8TZR6"',
33 silly get     age: '20',
33 silly get     connection: 'keep-alive',
33 silly get     'x-served-by': 'cache-lhr6344-LHR',
33 silly get     'x-cache': 'HIT',
33 silly get     'x-cache-hits': '1',
33 silly get     'x-timer': 'S1466753613.173058,VS0,VE0',
33 silly get     vary: 'Accept-Encoding' } ]
34 verbose etag https://registry.npmjs.org/angular-dialog-service from cache
35 verbose get saving angular-dialog-service to /Users/qianzhixiang/.npm/registry.npmjs.org/angular-dialog-service/.cache.json
36 verbose correctMkdir /Users/qianzhixiang/.npm correctMkdir not in flight; initializing
37 verbose stack Error: version not found: angular-dialog-service@5.2.0
37 verbose stack     at setData (/usr/local/lib/node_modules/npm/lib/cache/add-named.js:137:12)
37 verbose stack     at RES (/usr/local/lib/node_modules/npm/node_modules/inflight/inflight.js:23:14)
37 verbose stack     at f (/usr/local/lib/node_modules/npm/node_modules/once/once.js:17:25)
37 verbose stack     at fixName (/usr/local/lib/node_modules/npm/lib/cache/add-named.js:29:5)
37 verbose stack     at saved (/usr/local/lib/node_modules/npm/lib/cache/caching-client.js:173:7)
37 verbose stack     at /usr/local/lib/node_modules/npm/node_modules/graceful-fs/polyfills.js:210:7
37 verbose stack     at FSReqWrap.oncomplete (fs.js:82:15)
38 verbose statusCode 404
39 verbose cwd /Users/qianzhixiang/work/union/statistic/views
40 error Darwin 15.5.0
41 error argv "/usr/local/bin/node" "/usr/local/bin/npm" "install" "angular-dialog-service@5.2.0" "-dd" "--save-dev"
42 error node v4.4.3
43 error npm  v2.15.1
44 error version not found: angular-dialog-service@5.2.0
45 error If you need help, you may report this error at:
45 error     <https://github.com/npm/npm/issues>
46 verbose exit [ 1, true ]
